2018-04-18 09:29:48 032-->[main]--[DEBUG]--[InternalLoggerFactory]--Using SLF4J as the default logging framework
2018-04-18 09:29:48 040-->[main]--[DEBUG]--[MultithreadEventLoopGroup]---Dio.netty.eventLoopThreads: 8
2018-04-18 09:29:48 132-->[main]--[DEBUG]--[PlatformDependent]---Dio.netty.noUnsafe: false
2018-04-18 09:29:48 140-->[main]--[DEBUG]--[PlatformDependent0]--sun.misc.Unsafe.theUnsafe: available
2018-04-18 09:29:48 143-->[main]--[DEBUG]--[PlatformDependent0]--sun.misc.Unsafe.copyMemory: available
2018-04-18 09:29:48 146-->[main]--[DEBUG]--[PlatformDependent0]--java.nio.Buffer.address: available
2018-04-18 09:29:48 149-->[main]--[DEBUG]--[PlatformDependent0]--direct buffer constructor: available
2018-04-18 09:29:48 151-->[main]--[DEBUG]--[PlatformDependent0]--java.nio.Bits.unaligned: available, true
2018-04-18 09:29:48 152-->[main]--[DEBUG]--[PlatformDependent0]--java.nio.DirectByteBuffer.<init>(long, int): available
2018-04-18 09:29:48 155-->[main]--[DEBUG]--[Cleaner0]--java.nio.ByteBuffer.cleaner(): available
2018-04-18 09:29:48 159-->[main]--[DEBUG]--[PlatformDependent]--Java version: 8
2018-04-18 09:29:48 159-->[main]--[DEBUG]--[PlatformDependent]--sun.misc.Unsafe: available
2018-04-18 09:29:48 160-->[main]--[DEBUG]--[PlatformDependent]---Dio.netty.tmpdir: /var/folders/by/zz36s6gx6dz62x95d0b_jpz00000gn/T (java.io.tmpdir)
2018-04-18 09:29:48 160-->[main]--[DEBUG]--[PlatformDependent]---Dio.netty.bitMode: 64 (sun.arch.data.model)
2018-04-18 09:29:48 163-->[main]--[DEBUG]--[PlatformDependent]---Dio.netty.noPreferDirect: false
2018-04-18 09:29:48 164-->[main]--[DEBUG]--[PlatformDependent]--io.netty.maxDirectMemory: 1908932608 bytes
2018-04-18 09:29:48 233-->[main]--[DEBUG]--[NioEventLoop]---Dio.netty.noKeySetOptimization: false
2018-04-18 09:29:48 234-->[main]--[DEBUG]--[NioEventLoop]---Dio.netty.selectorAutoRebuildThreshold: 512
2018-04-18 09:29:48 244-->[main]--[DEBUG]--[PlatformDependent]--org.jctools-core.MpscChunkedArrayQueue: available
2018-04-18 09:29:48 422-->[main]--[DEBUG]--[DefaultChannelId]---Dio.netty.processId: 3910 (auto-detected)
2018-04-18 09:29:48 427-->[main]--[DEBUG]--[NetUtil]---Djava.net.preferIPv4Stack: false
2018-04-18 09:29:48 427-->[main]--[DEBUG]--[NetUtil]---Djava.net.preferIPv6Addresses: false
2018-04-18 09:29:48 438-->[main]--[DEBUG]--[NetUtil]--Loopback interface: lo0 (lo0, 0:0:0:0:0:0:0:1)
2018-04-18 09:29:48 440-->[main]--[DEBUG]--[NetUtil]--/proc/sys/net/core/somaxconn: 128 (non-existent)
2018-04-18 09:29:48 450-->[main]--[DEBUG]--[DefaultChannelId]---Dio.netty.machineId: 3c:15:c2:ff:fe:d2:29:3a (auto-detected)
2018-04-18 09:29:48 503-->[main]--[DEBUG]--[ResourceLeakDetector]---Dio.netty.leakDetection.level: simple
2018-04-18 09:29:48 504-->[main]--[DEBUG]--[ResourceLeakDetector]---Dio.netty.leakDetection.maxRecords: 4
2018-04-18 09:29:48 608-->[main]--[DEBUG]--[PooledByteBufAllocator]---Dio.netty.allocator.numHeapArenas: 8
2018-04-18 09:29:48 609-->[main]--[DEBUG]--[PooledByteBufAllocator]---Dio.netty.allocator.numDirectArenas: 8
2018-04-18 09:29:48 609-->[main]--[DEBUG]--[PooledByteBufAllocator]---Dio.netty.allocator.pageSize: 8192
2018-04-18 09:29:48 609-->[main]--[DEBUG]--[PooledByteBufAllocator]---Dio.netty.allocator.maxOrder: 11
2018-04-18 09:29:48 610-->[main]--[DEBUG]--[PooledByteBufAllocator]---Dio.netty.allocator.chunkSize: 16777216
2018-04-18 09:29:48 610-->[main]--[DEBUG]--[PooledByteBufAllocator]---Dio.netty.allocator.tinyCacheSize: 512
2018-04-18 09:29:48 610-->[main]--[DEBUG]--[PooledByteBufAllocator]---Dio.netty.allocator.smallCacheSize: 256
2018-04-18 09:29:48 611-->[main]--[DEBUG]--[PooledByteBufAllocator]---Dio.netty.allocator.normalCacheSize: 64
2018-04-18 09:29:48 611-->[main]--[DEBUG]--[PooledByteBufAllocator]---Dio.netty.allocator.maxCachedBufferCapacity: 32768
2018-04-18 09:29:48 611-->[main]--[DEBUG]--[PooledByteBufAllocator]---Dio.netty.allocator.cacheTrimInterval: 8192
2018-04-18 09:29:48 612-->[main]--[DEBUG]--[PooledByteBufAllocator]---Dio.netty.allocator.useCacheForAllThreads: true
2018-04-18 09:29:48 644-->[main]--[DEBUG]--[ByteBufUtil]---Dio.netty.allocator.type: pooled
2018-04-18 09:29:48 644-->[main]--[DEBUG]--[ByteBufUtil]---Dio.netty.threadLocalDirectBufferSize: 65536
2018-04-18 09:29:48 644-->[main]--[DEBUG]--[ByteBufUtil]---Dio.netty.maxThreadLocalCharBufferSize: 16384
2018-04-18 09:29:49 042-->[main]--[DEBUG]--[Recycler]---Dio.netty.recycler.maxCapacityPerThread: 32768
2018-04-18 09:29:49 042-->[main]--[DEBUG]--[Recycler]---Dio.netty.recycler.maxSharedCapacityFactor: 2
2018-04-18 09:29:49 042-->[main]--[DEBUG]--[Recycler]---Dio.netty.recycler.linkCapacity: 16
2018-04-18 09:29:49 043-->[main]--[DEBUG]--[Recycler]---Dio.netty.recycler.ratio: 8
2018-04-18 09:29:50 035-->[nioEventLoopGroup-2-1]--[DEBUG]--[AbstractByteBuf]---Dio.netty.buffer.bytebuf.checkAccessible: true
2018-04-18 09:29:50 039-->[nioEventLoopGroup-2-1]--[DEBUG]--[ResourceLeakDetectorFactory]--Loaded default ResourceLeakDetector: io.netty.util.ResourceLeakDetector@318f98ec
2018-04-18 09:30:16 742-->[main]--[DEBUG]--[InternalLoggerFactory]--Using SLF4J as the default logging framework
2018-04-18 09:30:16 749-->[main]--[DEBUG]--[MultithreadEventLoopGroup]---Dio.netty.eventLoopThreads: 8
2018-04-18 09:30:16 834-->[main]--[DEBUG]--[PlatformDependent]---Dio.netty.noUnsafe: false
2018-04-18 09:30:16 842-->[main]--[DEBUG]--[PlatformDependent0]--sun.misc.Unsafe.theUnsafe: available
2018-04-18 09:30:16 844-->[main]--[DEBUG]--[PlatformDependent0]--sun.misc.Unsafe.copyMemory: available
2018-04-18 09:30:16 846-->[main]--[DEBUG]--[PlatformDependent0]--java.nio.Buffer.address: available
2018-04-18 09:30:16 848-->[main]--[DEBUG]--[PlatformDependent0]--direct buffer constructor: available
2018-04-18 09:30:16 850-->[main]--[DEBUG]--[PlatformDependent0]--java.nio.Bits.unaligned: available, true
2018-04-18 09:30:16 851-->[main]--[DEBUG]--[PlatformDependent0]--java.nio.DirectByteBuffer.<init>(long, int): available
2018-04-18 09:30:16 854-->[main]--[DEBUG]--[Cleaner0]--java.nio.ByteBuffer.cleaner(): available
2018-04-18 09:30:16 858-->[main]--[DEBUG]--[PlatformDependent]--Java version: 8
2018-04-18 09:30:16 858-->[main]--[DEBUG]--[PlatformDependent]--sun.misc.Unsafe: available
2018-04-18 09:30:16 859-->[main]--[DEBUG]--[PlatformDependent]---Dio.netty.tmpdir: /var/folders/by/zz36s6gx6dz62x95d0b_jpz00000gn/T (java.io.tmpdir)
2018-04-18 09:30:16 860-->[main]--[DEBUG]--[PlatformDependent]---Dio.netty.bitMode: 64 (sun.arch.data.model)
2018-04-18 09:30:16 863-->[main]--[DEBUG]--[PlatformDependent]---Dio.netty.noPreferDirect: false
2018-04-18 09:30:16 863-->[main]--[DEBUG]--[PlatformDependent]--io.netty.maxDirectMemory: 1908932608 bytes
2018-04-18 09:30:16 930-->[main]--[DEBUG]--[NioEventLoop]---Dio.netty.noKeySetOptimization: false
2018-04-18 09:30:16 931-->[main]--[DEBUG]--[NioEventLoop]---Dio.netty.selectorAutoRebuildThreshold: 512
2018-04-18 09:30:16 939-->[main]--[DEBUG]--[PlatformDependent]--org.jctools-core.MpscChunkedArrayQueue: available
2018-04-18 09:30:20 918-->[main]--[DEBUG]--[DefaultChannelId]---Dio.netty.processId: 3914 (auto-detected)
2018-04-18 09:30:20 925-->[main]--[DEBUG]--[NetUtil]---Djava.net.preferIPv4Stack: false
2018-04-18 09:30:20 925-->[main]--[DEBUG]--[NetUtil]---Djava.net.preferIPv6Addresses: false
2018-04-18 09:30:20 935-->[main]--[DEBUG]--[NetUtil]--Loopback interface: lo0 (lo0, 0:0:0:0:0:0:0:1)
2018-04-18 09:30:20 938-->[main]--[DEBUG]--[NetUtil]--/proc/sys/net/core/somaxconn: 128 (non-existent)
2018-04-18 09:30:20 947-->[main]--[DEBUG]--[DefaultChannelId]---Dio.netty.machineId: 3c:15:c2:ff:fe:d2:29:3a (auto-detected)
2018-04-18 09:30:21 004-->[main]--[DEBUG]--[ResourceLeakDetector]---Dio.netty.leakDetection.level: simple
2018-04-18 09:30:21 005-->[main]--[DEBUG]--[ResourceLeakDetector]---Dio.netty.leakDetection.maxRecords: 4
2018-04-18 09:30:21 091-->[main]--[DEBUG]--[PooledByteBufAllocator]---Dio.netty.allocator.numHeapArenas: 8
2018-04-18 09:30:21 092-->[main]--[DEBUG]--[PooledByteBufAllocator]---Dio.netty.allocator.numDirectArenas: 8
2018-04-18 09:30:21 092-->[main]--[DEBUG]--[PooledByteBufAllocator]---Dio.netty.allocator.pageSize: 8192
2018-04-18 09:30:21 092-->[main]--[DEBUG]--[PooledByteBufAllocator]---Dio.netty.allocator.maxOrder: 11
2018-04-18 09:30:21 093-->[main]--[DEBUG]--[PooledByteBufAllocator]---Dio.netty.allocator.chunkSize: 16777216
2018-04-18 09:30:21 093-->[main]--[DEBUG]--[PooledByteBufAllocator]---Dio.netty.allocator.tinyCacheSize: 512
2018-04-18 09:30:21 094-->[main]--[DEBUG]--[PooledByteBufAllocator]---Dio.netty.allocator.smallCacheSize: 256
2018-04-18 09:30:21 094-->[main]--[DEBUG]--[PooledByteBufAllocator]---Dio.netty.allocator.normalCacheSize: 64
2018-04-18 09:30:21 094-->[main]--[DEBUG]--[PooledByteBufAllocator]---Dio.netty.allocator.maxCachedBufferCapacity: 32768
2018-04-18 09:30:21 095-->[main]--[DEBUG]--[PooledByteBufAllocator]---Dio.netty.allocator.cacheTrimInterval: 8192
2018-04-18 09:30:21 095-->[main]--[DEBUG]--[PooledByteBufAllocator]---Dio.netty.allocator.useCacheForAllThreads: true
2018-04-18 09:30:21 124-->[main]--[DEBUG]--[ByteBufUtil]---Dio.netty.allocator.type: pooled
2018-04-18 09:30:21 125-->[main]--[DEBUG]--[ByteBufUtil]---Dio.netty.threadLocalDirectBufferSize: 65536
2018-04-18 09:30:21 125-->[main]--[DEBUG]--[ByteBufUtil]---Dio.netty.maxThreadLocalCharBufferSize: 16384
2018-04-18 09:30:24 751-->[main]--[DEBUG]--[Recycler]---Dio.netty.recycler.maxCapacityPerThread: 32768
2018-04-18 09:30:24 752-->[main]--[DEBUG]--[Recycler]---Dio.netty.recycler.maxSharedCapacityFactor: 2
2018-04-18 09:30:24 752-->[main]--[DEBUG]--[Recycler]---Dio.netty.recycler.linkCapacity: 16
2018-04-18 09:30:24 753-->[main]--[DEBUG]--[Recycler]---Dio.netty.recycler.ratio: 8
2018-04-18 09:30:25 494-->[nioEventLoopGroup-2-1]--[DEBUG]--[AbstractByteBuf]---Dio.netty.buffer.bytebuf.checkAccessible: true
2018-04-18 09:30:25 497-->[nioEventLoopGroup-2-1]--[DEBUG]--[ResourceLeakDetectorFactory]--Loaded default ResourceLeakDetector: io.netty.util.ResourceLeakDetector@7f7d828d
