2018-05-02 18:47:20 897-->[main]--[DEBUG]--[InternalLoggerFactory]--Using SLF4J as the default logging framework
2018-05-02 18:47:20 901-->[main]--[DEBUG]--[MultithreadEventLoopGroup]---Dio.netty.eventLoopThreads: 8
2018-05-02 18:47:20 931-->[main]--[DEBUG]--[PlatformDependent]---Dio.netty.noUnsafe: false
2018-05-02 18:47:20 935-->[main]--[DEBUG]--[PlatformDependent0]--sun.misc.Unsafe.theUnsafe: available
2018-05-02 18:47:20 936-->[main]--[DEBUG]--[PlatformDependent0]--sun.misc.Unsafe.copyMemory: available
2018-05-02 18:47:20 936-->[main]--[DEBUG]--[PlatformDependent0]--java.nio.Buffer.address: available
2018-05-02 18:47:20 937-->[main]--[DEBUG]--[PlatformDependent0]--direct buffer constructor: available
2018-05-02 18:47:20 937-->[main]--[DEBUG]--[PlatformDependent0]--java.nio.Bits.unaligned: available, true
2018-05-02 18:47:20 938-->[main]--[DEBUG]--[PlatformDependent0]--java.nio.DirectByteBuffer.<init>(long, int): available
2018-05-02 18:47:20 939-->[main]--[DEBUG]--[Cleaner0]--java.nio.ByteBuffer.cleaner(): available
2018-05-02 18:47:20 940-->[main]--[DEBUG]--[PlatformDependent]--Java version: 8
2018-05-02 18:47:20 940-->[main]--[DEBUG]--[PlatformDependent]--sun.misc.Unsafe: available
2018-05-02 18:47:20 940-->[main]--[DEBUG]--[PlatformDependent]---Dio.netty.tmpdir: /var/folders/by/zz36s6gx6dz62x95d0b_jpz00000gn/T (java.io.tmpdir)
2018-05-02 18:47:20 941-->[main]--[DEBUG]--[PlatformDependent]---Dio.netty.bitMode: 64 (sun.arch.data.model)
2018-05-02 18:47:20 941-->[main]--[DEBUG]--[PlatformDependent]---Dio.netty.noPreferDirect: false
2018-05-02 18:47:20 942-->[main]--[DEBUG]--[PlatformDependent]--io.netty.maxDirectMemory: 1908932608 bytes
2018-05-02 18:47:20 976-->[main]--[DEBUG]--[NioEventLoop]---Dio.netty.noKeySetOptimization: false
2018-05-02 18:47:20 976-->[main]--[DEBUG]--[NioEventLoop]---Dio.netty.selectorAutoRebuildThreshold: 512
2018-05-02 18:47:20 978-->[main]--[DEBUG]--[PlatformDependent]--org.jctools-core.MpscChunkedArrayQueue: available
2018-05-02 18:47:21 053-->[main]--[DEBUG]--[DefaultChannelId]---Dio.netty.processId: 1089 (auto-detected)
2018-05-02 18:47:21 056-->[main]--[DEBUG]--[NetUtil]---Djava.net.preferIPv4Stack: false
2018-05-02 18:47:21 056-->[main]--[DEBUG]--[NetUtil]---Djava.net.preferIPv6Addresses: false
2018-05-02 18:47:21 060-->[main]--[DEBUG]--[NetUtil]--Loopback interface: lo0 (lo0, 0:0:0:0:0:0:0:1)
2018-05-02 18:47:21 061-->[main]--[DEBUG]--[NetUtil]--/proc/sys/net/core/somaxconn: 128 (non-existent)
2018-05-02 18:47:21 067-->[main]--[DEBUG]--[DefaultChannelId]---Dio.netty.machineId: 3c:15:c2:ff:fe:d2:29:3a (auto-detected)
2018-05-02 18:47:21 087-->[main]--[DEBUG]--[ResourceLeakDetector]---Dio.netty.leakDetection.level: simple
2018-05-02 18:47:21 088-->[main]--[DEBUG]--[ResourceLeakDetector]---Dio.netty.leakDetection.maxRecords: 4
2018-05-02 18:47:21 123-->[main]--[DEBUG]--[PooledByteBufAllocator]---Dio.netty.allocator.numHeapArenas: 8
2018-05-02 18:47:21 123-->[main]--[DEBUG]--[PooledByteBufAllocator]---Dio.netty.allocator.numDirectArenas: 8
2018-05-02 18:47:21 123-->[main]--[DEBUG]--[PooledByteBufAllocator]---Dio.netty.allocator.pageSize: 8192
2018-05-02 18:47:21 123-->[main]--[DEBUG]--[PooledByteBufAllocator]---Dio.netty.allocator.maxOrder: 11
2018-05-02 18:47:21 123-->[main]--[DEBUG]--[PooledByteBufAllocator]---Dio.netty.allocator.chunkSize: 16777216
2018-05-02 18:47:21 123-->[main]--[DEBUG]--[PooledByteBufAllocator]---Dio.netty.allocator.tinyCacheSize: 512
2018-05-02 18:47:21 123-->[main]--[DEBUG]--[PooledByteBufAllocator]---Dio.netty.allocator.smallCacheSize: 256
2018-05-02 18:47:21 123-->[main]--[DEBUG]--[PooledByteBufAllocator]---Dio.netty.allocator.normalCacheSize: 64
2018-05-02 18:47:21 124-->[main]--[DEBUG]--[PooledByteBufAllocator]---Dio.netty.allocator.maxCachedBufferCapacity: 32768
2018-05-02 18:47:21 124-->[main]--[DEBUG]--[PooledByteBufAllocator]---Dio.netty.allocator.cacheTrimInterval: 8192
2018-05-02 18:47:21 124-->[main]--[DEBUG]--[PooledByteBufAllocator]---Dio.netty.allocator.useCacheForAllThreads: true
2018-05-02 18:47:21 134-->[main]--[DEBUG]--[ByteBufUtil]---Dio.netty.allocator.type: pooled
2018-05-02 18:47:21 134-->[main]--[DEBUG]--[ByteBufUtil]---Dio.netty.threadLocalDirectBufferSize: 65536
2018-05-02 18:47:21 134-->[main]--[DEBUG]--[ByteBufUtil]---Dio.netty.maxThreadLocalCharBufferSize: 16384
2018-05-02 18:47:21 292-->[main]--[INFO ]--[Bootstrap]--启动完成
2018-05-02 18:47:21 740-->[main]--[DEBUG]--[Recycler]---Dio.netty.recycler.maxCapacityPerThread: 32768
2018-05-02 18:47:21 740-->[main]--[DEBUG]--[Recycler]---Dio.netty.recycler.maxSharedCapacityFactor: 2
2018-05-02 18:47:21 741-->[main]--[DEBUG]--[Recycler]---Dio.netty.recycler.linkCapacity: 16
2018-05-02 18:47:21 741-->[main]--[DEBUG]--[Recycler]---Dio.netty.recycler.ratio: 8
2018-05-02 18:47:21 766-->[nioEventLoopGroup-2-1]--[DEBUG]--[AbstractByteBuf]---Dio.netty.buffer.bytebuf.checkAccessible: true
2018-05-02 18:47:21 767-->[nioEventLoopGroup-2-1]--[DEBUG]--[ResourceLeakDetectorFactory]--Loaded default ResourceLeakDetector: io.netty.util.ResourceLeakDetector@2801373f
2018-05-02 18:47:24 295-->[pool-2-thread-1]--[DEBUG]--[Bootstrap]--p2p客户端在线自检
2018-05-02 18:47:24 302-->[nioEventLoopGroup-2-1]--[INFO ]--[ClientCallBack]--获取在线客户端[3C15C2D2293A]
2018-05-02 18:47:24 302-->[nioEventLoopGroup-2-1]--[INFO ]--[RefreshmentHandler]--收到心跳
2018-05-02 18:47:39 295-->[pool-2-thread-1]--[DEBUG]--[Bootstrap]--p2p客户端在线自检
2018-05-02 18:47:39 304-->[nioEventLoopGroup-2-1]--[INFO ]--[ClientCallBack]--获取在线客户端[3C15C2D2293A]
2018-05-02 18:47:39 304-->[nioEventLoopGroup-2-1]--[INFO ]--[RefreshmentHandler]--收到心跳
2018-05-02 18:47:54 296-->[pool-2-thread-1]--[DEBUG]--[Bootstrap]--p2p客户端在线自检
2018-05-02 18:47:54 302-->[nioEventLoopGroup-2-1]--[INFO ]--[ClientCallBack]--获取在线客户端[3C15C2D2293A]
2018-05-02 18:47:54 302-->[nioEventLoopGroup-2-1]--[INFO ]--[RefreshmentHandler]--收到心跳
2018-05-02 18:48:09 296-->[pool-2-thread-1]--[DEBUG]--[Bootstrap]--p2p客户端在线自检
2018-05-02 18:48:09 301-->[nioEventLoopGroup-2-1]--[INFO ]--[ClientCallBack]--获取在线客户端[3C15C2D2293A]
2018-05-02 18:48:09 301-->[nioEventLoopGroup-2-1]--[INFO ]--[RefreshmentHandler]--收到心跳
2018-05-02 18:48:24 293-->[pool-2-thread-1]--[DEBUG]--[Bootstrap]--p2p客户端在线自检
2018-05-02 18:48:24 298-->[nioEventLoopGroup-2-1]--[INFO ]--[ClientCallBack]--获取在线客户端[3C15C2D2293A]
2018-05-02 18:48:24 298-->[nioEventLoopGroup-2-1]--[INFO ]--[RefreshmentHandler]--收到心跳
2018-05-02 18:48:39 292-->[pool-2-thread-1]--[DEBUG]--[Bootstrap]--p2p客户端在线自检
2018-05-02 18:48:39 297-->[nioEventLoopGroup-2-1]--[INFO ]--[ClientCallBack]--获取在线客户端[3C15C2D2293A]
2018-05-02 18:48:39 297-->[nioEventLoopGroup-2-1]--[INFO ]--[RefreshmentHandler]--收到心跳
2018-05-02 18:48:54 298-->[pool-2-thread-1]--[DEBUG]--[Bootstrap]--p2p客户端在线自检
2018-05-02 18:48:54 303-->[nioEventLoopGroup-2-1]--[INFO ]--[ClientCallBack]--获取在线客户端[3C15C2D2293A]
2018-05-02 18:48:54 303-->[nioEventLoopGroup-2-1]--[INFO ]--[RefreshmentHandler]--收到心跳
2018-05-02 18:49:09 298-->[pool-2-thread-1]--[DEBUG]--[Bootstrap]--p2p客户端在线自检
2018-05-02 18:49:09 304-->[nioEventLoopGroup-2-1]--[INFO ]--[ClientCallBack]--获取在线客户端[3C15C2D2293A]
2018-05-02 18:49:09 304-->[nioEventLoopGroup-2-1]--[INFO ]--[RefreshmentHandler]--收到心跳
2018-05-02 18:49:24 299-->[pool-2-thread-1]--[DEBUG]--[Bootstrap]--p2p客户端在线自检
2018-05-02 18:49:24 304-->[nioEventLoopGroup-2-1]--[INFO ]--[ClientCallBack]--获取在线客户端[3C15C2D2293A]
2018-05-02 18:49:24 304-->[nioEventLoopGroup-2-1]--[INFO ]--[RefreshmentHandler]--收到心跳
2018-05-02 18:49:39 299-->[pool-2-thread-1]--[DEBUG]--[Bootstrap]--p2p客户端在线自检
2018-05-02 18:49:39 305-->[nioEventLoopGroup-2-1]--[INFO ]--[ClientCallBack]--获取在线客户端[3C15C2D2293A]
2018-05-02 18:49:39 305-->[nioEventLoopGroup-2-1]--[INFO ]--[RefreshmentHandler]--收到心跳
2018-05-02 18:49:54 300-->[pool-2-thread-1]--[DEBUG]--[Bootstrap]--p2p客户端在线自检
2018-05-02 18:49:54 305-->[nioEventLoopGroup-2-1]--[INFO ]--[ClientCallBack]--获取在线客户端[3C15C2D2293A]
2018-05-02 18:49:54 305-->[nioEventLoopGroup-2-1]--[INFO ]--[RefreshmentHandler]--收到心跳
2018-05-02 18:50:09 300-->[pool-2-thread-1]--[DEBUG]--[Bootstrap]--p2p客户端在线自检
2018-05-02 18:50:09 306-->[nioEventLoopGroup-2-1]--[INFO ]--[ClientCallBack]--获取在线客户端[3C15C2D2293A]
2018-05-02 18:50:09 306-->[nioEventLoopGroup-2-1]--[INFO ]--[RefreshmentHandler]--收到心跳
2018-05-02 18:50:24 301-->[pool-2-thread-1]--[DEBUG]--[Bootstrap]--p2p客户端在线自检
2018-05-02 18:50:24 306-->[nioEventLoopGroup-2-1]--[INFO ]--[ClientCallBack]--获取在线客户端[3C15C2D2293A]
2018-05-02 18:50:24 306-->[nioEventLoopGroup-2-1]--[INFO ]--[RefreshmentHandler]--收到心跳
2018-05-02 18:50:39 300-->[pool-2-thread-1]--[DEBUG]--[Bootstrap]--p2p客户端在线自检
2018-05-02 18:50:39 306-->[nioEventLoopGroup-2-1]--[INFO ]--[ClientCallBack]--获取在线客户端[3C15C2D2293A]
2018-05-02 18:50:39 306-->[nioEventLoopGroup-2-1]--[INFO ]--[RefreshmentHandler]--收到心跳
2018-05-02 18:50:54 302-->[pool-2-thread-1]--[DEBUG]--[Bootstrap]--p2p客户端在线自检
2018-05-02 18:50:54 314-->[nioEventLoopGroup-2-1]--[INFO ]--[ClientCallBack]--获取在线客户端[3C15C2D2293A]
2018-05-02 18:50:54 314-->[nioEventLoopGroup-2-1]--[INFO ]--[RefreshmentHandler]--收到心跳
2018-05-02 18:51:09 302-->[pool-2-thread-1]--[DEBUG]--[Bootstrap]--p2p客户端在线自检
2018-05-02 18:51:09 308-->[nioEventLoopGroup-2-1]--[INFO ]--[ClientCallBack]--获取在线客户端[3C15C2D2293A]
2018-05-02 18:51:09 308-->[nioEventLoopGroup-2-1]--[INFO ]--[RefreshmentHandler]--收到心跳
2018-05-02 18:51:24 300-->[pool-2-thread-1]--[DEBUG]--[Bootstrap]--p2p客户端在线自检
2018-05-02 18:51:24 305-->[nioEventLoopGroup-2-1]--[INFO ]--[ClientCallBack]--获取在线客户端[3C15C2D2293A]
2018-05-02 18:51:24 306-->[nioEventLoopGroup-2-1]--[INFO ]--[RefreshmentHandler]--收到心跳
2018-05-02 18:51:39 301-->[pool-2-thread-1]--[DEBUG]--[Bootstrap]--p2p客户端在线自检
2018-05-02 18:51:39 306-->[nioEventLoopGroup-2-1]--[INFO ]--[ClientCallBack]--获取在线客户端[3C15C2D2293A]
2018-05-02 18:51:39 306-->[nioEventLoopGroup-2-1]--[INFO ]--[RefreshmentHandler]--收到心跳
2018-05-02 18:51:54 304-->[pool-2-thread-1]--[DEBUG]--[Bootstrap]--p2p客户端在线自检
2018-05-02 18:51:54 309-->[nioEventLoopGroup-2-1]--[INFO ]--[ClientCallBack]--获取在线客户端[3C15C2D2293A]
2018-05-02 18:51:54 309-->[nioEventLoopGroup-2-1]--[INFO ]--[RefreshmentHandler]--收到心跳
2018-05-02 18:52:09 304-->[pool-2-thread-1]--[DEBUG]--[Bootstrap]--p2p客户端在线自检
2018-05-02 18:52:09 310-->[nioEventLoopGroup-2-1]--[INFO ]--[ClientCallBack]--获取在线客户端[3C15C2D2293A]
2018-05-02 18:52:09 310-->[nioEventLoopGroup-2-1]--[INFO ]--[RefreshmentHandler]--收到心跳
2018-05-02 18:52:24 305-->[pool-2-thread-1]--[DEBUG]--[Bootstrap]--p2p客户端在线自检
2018-05-02 18:52:24 310-->[nioEventLoopGroup-2-1]--[INFO ]--[ClientCallBack]--获取在线客户端[3C15C2D2293A]
2018-05-02 18:52:24 310-->[nioEventLoopGroup-2-1]--[INFO ]--[RefreshmentHandler]--收到心跳
2018-05-02 18:52:39 305-->[pool-2-thread-1]--[DEBUG]--[Bootstrap]--p2p客户端在线自检
2018-05-02 18:52:39 311-->[nioEventLoopGroup-2-1]--[INFO ]--[ClientCallBack]--获取在线客户端[3C15C2D2293A]
2018-05-02 18:52:39 311-->[nioEventLoopGroup-2-1]--[INFO ]--[RefreshmentHandler]--收到心跳
2018-05-02 18:52:54 302-->[pool-2-thread-1]--[DEBUG]--[Bootstrap]--p2p客户端在线自检
2018-05-02 18:52:54 306-->[nioEventLoopGroup-2-1]--[INFO ]--[ClientCallBack]--获取在线客户端[3C15C2D2293A]
2018-05-02 18:52:54 307-->[nioEventLoopGroup-2-1]--[INFO ]--[RefreshmentHandler]--收到心跳
2018-05-02 18:53:09 301-->[pool-2-thread-1]--[DEBUG]--[Bootstrap]--p2p客户端在线自检
2018-05-02 18:53:09 307-->[nioEventLoopGroup-2-1]--[INFO ]--[ClientCallBack]--获取在线客户端[3C15C2D2293A]
2018-05-02 18:53:09 307-->[nioEventLoopGroup-2-1]--[INFO ]--[RefreshmentHandler]--收到心跳
2018-05-02 18:53:24 304-->[pool-2-thread-1]--[DEBUG]--[Bootstrap]--p2p客户端在线自检
2018-05-02 18:53:24 309-->[nioEventLoopGroup-2-1]--[INFO ]--[ClientCallBack]--获取在线客户端[3C15C2D2293A]
2018-05-02 18:53:24 310-->[nioEventLoopGroup-2-1]--[INFO ]--[RefreshmentHandler]--收到心跳
2018-05-02 18:53:39 306-->[pool-2-thread-1]--[DEBUG]--[Bootstrap]--p2p客户端在线自检
2018-05-02 18:53:39 311-->[nioEventLoopGroup-2-1]--[INFO ]--[ClientCallBack]--获取在线客户端[3C15C2D2293A]
2018-05-02 18:53:39 311-->[nioEventLoopGroup-2-1]--[INFO ]--[RefreshmentHandler]--收到心跳
2018-05-02 18:53:54 307-->[pool-2-thread-1]--[DEBUG]--[Bootstrap]--p2p客户端在线自检
2018-05-02 18:53:54 312-->[nioEventLoopGroup-2-1]--[INFO ]--[ClientCallBack]--获取在线客户端[3C15C2D2293A]
2018-05-02 18:53:54 312-->[nioEventLoopGroup-2-1]--[INFO ]--[RefreshmentHandler]--收到心跳
2018-05-02 18:54:09 305-->[pool-2-thread-1]--[DEBUG]--[Bootstrap]--p2p客户端在线自检
2018-05-02 18:54:09 311-->[nioEventLoopGroup-2-1]--[INFO ]--[ClientCallBack]--获取在线客户端[3C15C2D2293A]
2018-05-02 18:54:09 311-->[nioEventLoopGroup-2-1]--[INFO ]--[RefreshmentHandler]--收到心跳
2018-05-02 18:54:24 305-->[pool-2-thread-1]--[DEBUG]--[Bootstrap]--p2p客户端在线自检
2018-05-02 18:54:24 311-->[nioEventLoopGroup-2-1]--[INFO ]--[ClientCallBack]--获取在线客户端[3C15C2D2293A]
2018-05-02 18:54:24 311-->[nioEventLoopGroup-2-1]--[INFO ]--[RefreshmentHandler]--收到心跳
2018-05-02 18:54:39 308-->[pool-2-thread-1]--[DEBUG]--[Bootstrap]--p2p客户端在线自检
2018-05-02 18:54:39 317-->[nioEventLoopGroup-2-1]--[INFO ]--[ClientCallBack]--获取在线客户端[3C15C2D2293A]
2018-05-02 18:54:39 317-->[nioEventLoopGroup-2-1]--[INFO ]--[RefreshmentHandler]--收到心跳
2018-05-02 18:54:54 306-->[pool-2-thread-1]--[DEBUG]--[Bootstrap]--p2p客户端在线自检
2018-05-02 18:54:54 310-->[nioEventLoopGroup-2-1]--[INFO ]--[ClientCallBack]--获取在线客户端[3C15C2D2293A]
2018-05-02 18:54:54 311-->[nioEventLoopGroup-2-1]--[INFO ]--[RefreshmentHandler]--收到心跳
2018-05-02 18:55:09 311-->[pool-2-thread-1]--[DEBUG]--[Bootstrap]--p2p客户端在线自检
2018-05-02 18:55:09 316-->[nioEventLoopGroup-2-1]--[INFO ]--[ClientCallBack]--获取在线客户端[3C15C2D2293A]
2018-05-02 18:55:09 316-->[nioEventLoopGroup-2-1]--[INFO ]--[RefreshmentHandler]--收到心跳
2018-05-02 18:55:24 311-->[pool-2-thread-1]--[DEBUG]--[Bootstrap]--p2p客户端在线自检
2018-05-02 18:55:24 316-->[nioEventLoopGroup-2-1]--[INFO ]--[ClientCallBack]--获取在线客户端[3C15C2D2293A]
2018-05-02 18:55:24 316-->[nioEventLoopGroup-2-1]--[INFO ]--[RefreshmentHandler]--收到心跳
2018-05-02 18:55:39 311-->[pool-2-thread-1]--[DEBUG]--[Bootstrap]--p2p客户端在线自检
2018-05-02 18:55:39 316-->[nioEventLoopGroup-2-1]--[INFO ]--[ClientCallBack]--获取在线客户端[3C15C2D2293A]
2018-05-02 18:55:39 316-->[nioEventLoopGroup-2-1]--[INFO ]--[RefreshmentHandler]--收到心跳
2018-05-02 18:55:54 310-->[pool-2-thread-1]--[DEBUG]--[Bootstrap]--p2p客户端在线自检
2018-05-02 18:55:54 315-->[nioEventLoopGroup-2-1]--[INFO ]--[ClientCallBack]--获取在线客户端[3C15C2D2293A]
2018-05-02 18:55:54 315-->[nioEventLoopGroup-2-1]--[INFO ]--[RefreshmentHandler]--收到心跳
2018-05-02 18:56:09 312-->[pool-2-thread-1]--[DEBUG]--[Bootstrap]--p2p客户端在线自检
2018-05-02 18:56:09 318-->[nioEventLoopGroup-2-1]--[INFO ]--[ClientCallBack]--获取在线客户端[3C15C2D2293A]
2018-05-02 18:56:09 318-->[nioEventLoopGroup-2-1]--[INFO ]--[RefreshmentHandler]--收到心跳
2018-05-02 18:56:24 312-->[pool-2-thread-1]--[DEBUG]--[Bootstrap]--p2p客户端在线自检
2018-05-02 18:56:24 317-->[nioEventLoopGroup-2-1]--[INFO ]--[ClientCallBack]--获取在线客户端[3C15C2D2293A]
2018-05-02 18:56:24 317-->[nioEventLoopGroup-2-1]--[INFO ]--[RefreshmentHandler]--收到心跳
2018-05-02 18:56:39 312-->[pool-2-thread-1]--[DEBUG]--[Bootstrap]--p2p客户端在线自检
2018-05-02 18:56:39 318-->[nioEventLoopGroup-2-1]--[INFO ]--[ClientCallBack]--获取在线客户端[3C15C2D2293A]
2018-05-02 18:56:39 320-->[nioEventLoopGroup-2-1]--[INFO ]--[RefreshmentHandler]--收到心跳
2018-05-02 18:56:54 312-->[pool-2-thread-1]--[DEBUG]--[Bootstrap]--p2p客户端在线自检
2018-05-02 18:56:54 318-->[nioEventLoopGroup-2-1]--[INFO ]--[ClientCallBack]--获取在线客户端[3C15C2D2293A]
2018-05-02 18:56:54 318-->[nioEventLoopGroup-2-1]--[INFO ]--[RefreshmentHandler]--收到心跳
2018-05-02 18:57:09 315-->[pool-2-thread-1]--[DEBUG]--[Bootstrap]--p2p客户端在线自检
2018-05-02 18:57:09 320-->[nioEventLoopGroup-2-1]--[INFO ]--[ClientCallBack]--获取在线客户端[3C15C2D2293A]
2018-05-02 18:57:09 320-->[nioEventLoopGroup-2-1]--[INFO ]--[RefreshmentHandler]--收到心跳
2018-05-02 18:57:24 311-->[pool-2-thread-1]--[DEBUG]--[Bootstrap]--p2p客户端在线自检
2018-05-02 18:57:24 315-->[nioEventLoopGroup-2-1]--[INFO ]--[ClientCallBack]--获取在线客户端[3C15C2D2293A]
2018-05-02 18:57:24 315-->[nioEventLoopGroup-2-1]--[INFO ]--[RefreshmentHandler]--收到心跳
2018-05-02 18:57:39 316-->[pool-2-thread-1]--[DEBUG]--[Bootstrap]--p2p客户端在线自检
2018-05-02 18:57:39 321-->[nioEventLoopGroup-2-1]--[INFO ]--[ClientCallBack]--获取在线客户端[3C15C2D2293A]
2018-05-02 18:57:39 322-->[nioEventLoopGroup-2-1]--[INFO ]--[RefreshmentHandler]--收到心跳
2018-05-02 18:57:54 315-->[pool-2-thread-1]--[DEBUG]--[Bootstrap]--p2p客户端在线自检
2018-05-02 18:57:54 320-->[nioEventLoopGroup-2-1]--[INFO ]--[ClientCallBack]--获取在线客户端[3C15C2D2293A]
2018-05-02 18:57:54 321-->[nioEventLoopGroup-2-1]--[INFO ]--[RefreshmentHandler]--收到心跳
2018-05-02 18:58:09 317-->[pool-2-thread-1]--[DEBUG]--[Bootstrap]--p2p客户端在线自检
2018-05-02 18:58:09 322-->[nioEventLoopGroup-2-1]--[INFO ]--[ClientCallBack]--获取在线客户端[3C15C2D2293A]
2018-05-02 18:58:09 322-->[nioEventLoopGroup-2-1]--[INFO ]--[RefreshmentHandler]--收到心跳
2018-05-02 18:58:24 317-->[pool-2-thread-1]--[DEBUG]--[Bootstrap]--p2p客户端在线自检
2018-05-02 18:58:24 322-->[nioEventLoopGroup-2-1]--[INFO ]--[ClientCallBack]--获取在线客户端[3C15C2D2293A]
2018-05-02 18:58:24 322-->[nioEventLoopGroup-2-1]--[INFO ]--[RefreshmentHandler]--收到心跳
2018-05-02 18:58:39 318-->[pool-2-thread-1]--[DEBUG]--[Bootstrap]--p2p客户端在线自检
2018-05-02 18:58:39 323-->[nioEventLoopGroup-2-1]--[INFO ]--[ClientCallBack]--获取在线客户端[3C15C2D2293A]
2018-05-02 18:58:39 323-->[nioEventLoopGroup-2-1]--[INFO ]--[RefreshmentHandler]--收到心跳
2018-05-02 18:58:54 318-->[pool-2-thread-1]--[DEBUG]--[Bootstrap]--p2p客户端在线自检
2018-05-02 18:58:54 323-->[nioEventLoopGroup-2-1]--[INFO ]--[ClientCallBack]--获取在线客户端[3C15C2D2293A]
2018-05-02 18:58:54 323-->[nioEventLoopGroup-2-1]--[INFO ]--[RefreshmentHandler]--收到心跳
2018-05-02 18:59:09 319-->[pool-2-thread-1]--[DEBUG]--[Bootstrap]--p2p客户端在线自检
2018-05-02 18:59:09 326-->[nioEventLoopGroup-2-1]--[INFO ]--[ClientCallBack]--获取在线客户端[3C15C2D2293A]
2018-05-02 18:59:09 326-->[nioEventLoopGroup-2-1]--[INFO ]--[RefreshmentHandler]--收到心跳
2018-05-02 18:59:24 319-->[pool-2-thread-1]--[DEBUG]--[Bootstrap]--p2p客户端在线自检
2018-05-02 18:59:24 324-->[nioEventLoopGroup-2-1]--[INFO ]--[ClientCallBack]--获取在线客户端[3C15C2D2293A]
2018-05-02 18:59:24 324-->[nioEventLoopGroup-2-1]--[INFO ]--[RefreshmentHandler]--收到心跳
2018-05-02 18:59:39 320-->[pool-2-thread-1]--[DEBUG]--[Bootstrap]--p2p客户端在线自检
2018-05-02 18:59:39 325-->[nioEventLoopGroup-2-1]--[INFO ]--[ClientCallBack]--获取在线客户端[3C15C2D2293A]
2018-05-02 18:59:39 325-->[nioEventLoopGroup-2-1]--[INFO ]--[RefreshmentHandler]--收到心跳
2018-05-02 18:59:54 320-->[pool-2-thread-1]--[DEBUG]--[Bootstrap]--p2p客户端在线自检
2018-05-02 18:59:54 326-->[nioEventLoopGroup-2-1]--[INFO ]--[ClientCallBack]--获取在线客户端[3C15C2D2293A]
2018-05-02 18:59:54 326-->[nioEventLoopGroup-2-1]--[INFO ]--[RefreshmentHandler]--收到心跳
2018-05-02 19:00:09 320-->[pool-2-thread-1]--[DEBUG]--[Bootstrap]--p2p客户端在线自检
2018-05-02 19:00:09 326-->[nioEventLoopGroup-2-1]--[INFO ]--[ClientCallBack]--获取在线客户端[3C15C2D2293A]
2018-05-02 19:00:09 326-->[nioEventLoopGroup-2-1]--[INFO ]--[RefreshmentHandler]--收到心跳
2018-05-02 19:00:24 321-->[pool-2-thread-1]--[DEBUG]--[Bootstrap]--p2p客户端在线自检
2018-05-02 19:00:24 326-->[nioEventLoopGroup-2-1]--[INFO ]--[ClientCallBack]--获取在线客户端[3C15C2D2293A]
2018-05-02 19:00:24 327-->[nioEventLoopGroup-2-1]--[INFO ]--[RefreshmentHandler]--收到心跳
2018-05-02 19:00:39 322-->[pool-2-thread-1]--[DEBUG]--[Bootstrap]--p2p客户端在线自检
2018-05-02 19:00:39 327-->[nioEventLoopGroup-2-1]--[INFO ]--[ClientCallBack]--获取在线客户端[3C15C2D2293A]
2018-05-02 19:00:39 327-->[nioEventLoopGroup-2-1]--[INFO ]--[RefreshmentHandler]--收到心跳
2018-05-02 19:00:54 322-->[pool-2-thread-1]--[DEBUG]--[Bootstrap]--p2p客户端在线自检
2018-05-02 19:00:54 327-->[nioEventLoopGroup-2-1]--[INFO ]--[ClientCallBack]--获取在线客户端[3C15C2D2293A]
2018-05-02 19:00:54 327-->[nioEventLoopGroup-2-1]--[INFO ]--[RefreshmentHandler]--收到心跳
2018-05-02 19:01:09 322-->[pool-2-thread-1]--[DEBUG]--[Bootstrap]--p2p客户端在线自检
2018-05-02 19:01:09 327-->[nioEventLoopGroup-2-1]--[INFO ]--[ClientCallBack]--获取在线客户端[3C15C2D2293A]
2018-05-02 19:01:09 327-->[nioEventLoopGroup-2-1]--[INFO ]--[RefreshmentHandler]--收到心跳
2018-05-02 19:01:24 319-->[pool-2-thread-1]--[DEBUG]--[Bootstrap]--p2p客户端在线自检
2018-05-02 19:01:24 323-->[nioEventLoopGroup-2-1]--[INFO ]--[ClientCallBack]--获取在线客户端[3C15C2D2293A]
2018-05-02 19:01:24 323-->[nioEventLoopGroup-2-1]--[INFO ]--[RefreshmentHandler]--收到心跳
2018-05-02 19:01:39 320-->[pool-2-thread-1]--[DEBUG]--[Bootstrap]--p2p客户端在线自检
2018-05-02 19:01:39 325-->[nioEventLoopGroup-2-1]--[INFO ]--[ClientCallBack]--获取在线客户端[3C15C2D2293A]
2018-05-02 19:01:39 326-->[nioEventLoopGroup-2-1]--[INFO ]--[RefreshmentHandler]--收到心跳
2018-05-02 19:01:54 324-->[pool-2-thread-1]--[DEBUG]--[Bootstrap]--p2p客户端在线自检
2018-05-02 19:01:54 328-->[nioEventLoopGroup-2-1]--[INFO ]--[ClientCallBack]--获取在线客户端[3C15C2D2293A]
2018-05-02 19:01:54 328-->[nioEventLoopGroup-2-1]--[INFO ]--[RefreshmentHandler]--收到心跳
2018-05-02 19:02:09 320-->[pool-2-thread-1]--[DEBUG]--[Bootstrap]--p2p客户端在线自检
2018-05-02 19:02:09 325-->[nioEventLoopGroup-2-1]--[INFO ]--[ClientCallBack]--获取在线客户端[3C15C2D2293A]
2018-05-02 19:02:09 325-->[nioEventLoopGroup-2-1]--[INFO ]--[RefreshmentHandler]--收到心跳
2018-05-02 19:02:24 326-->[pool-2-thread-1]--[DEBUG]--[Bootstrap]--p2p客户端在线自检
2018-05-02 19:02:24 330-->[nioEventLoopGroup-2-1]--[INFO ]--[ClientCallBack]--获取在线客户端[3C15C2D2293A]
2018-05-02 19:02:24 330-->[nioEventLoopGroup-2-1]--[INFO ]--[RefreshmentHandler]--收到心跳
2018-05-02 19:02:39 326-->[pool-2-thread-1]--[DEBUG]--[Bootstrap]--p2p客户端在线自检
2018-05-02 19:02:39 330-->[nioEventLoopGroup-2-1]--[INFO ]--[ClientCallBack]--获取在线客户端[3C15C2D2293A]
2018-05-02 19:02:39 330-->[nioEventLoopGroup-2-1]--[INFO ]--[RefreshmentHandler]--收到心跳
2018-05-02 19:02:54 327-->[pool-2-thread-1]--[DEBUG]--[Bootstrap]--p2p客户端在线自检
2018-05-02 19:02:54 332-->[nioEventLoopGroup-2-1]--[INFO ]--[ClientCallBack]--获取在线客户端[3C15C2D2293A]
2018-05-02 19:02:54 333-->[nioEventLoopGroup-2-1]--[INFO ]--[RefreshmentHandler]--收到心跳
2018-05-02 19:03:09 327-->[pool-2-thread-1]--[DEBUG]--[Bootstrap]--p2p客户端在线自检
2018-05-02 19:03:09 332-->[nioEventLoopGroup-2-1]--[INFO ]--[ClientCallBack]--获取在线客户端[3C15C2D2293A]
2018-05-02 19:03:09 332-->[nioEventLoopGroup-2-1]--[INFO ]--[RefreshmentHandler]--收到心跳
2018-05-02 19:03:24 327-->[pool-2-thread-1]--[DEBUG]--[Bootstrap]--p2p客户端在线自检
2018-05-02 19:03:24 331-->[nioEventLoopGroup-2-1]--[INFO ]--[ClientCallBack]--获取在线客户端[3C15C2D2293A]
2018-05-02 19:03:24 332-->[nioEventLoopGroup-2-1]--[INFO ]--[RefreshmentHandler]--收到心跳
2018-05-02 19:03:39 328-->[pool-2-thread-1]--[DEBUG]--[Bootstrap]--p2p客户端在线自检
2018-05-02 19:03:39 333-->[nioEventLoopGroup-2-1]--[INFO ]--[ClientCallBack]--获取在线客户端[3C15C2D2293A]
2018-05-02 19:03:39 333-->[nioEventLoopGroup-2-1]--[INFO ]--[RefreshmentHandler]--收到心跳
2018-05-02 19:03:54 324-->[pool-2-thread-1]--[DEBUG]--[Bootstrap]--p2p客户端在线自检
2018-05-02 19:03:54 328-->[nioEventLoopGroup-2-1]--[INFO ]--[ClientCallBack]--获取在线客户端[3C15C2D2293A]
2018-05-02 19:03:54 328-->[nioEventLoopGroup-2-1]--[INFO ]--[RefreshmentHandler]--收到心跳
2018-05-02 19:04:09 324-->[pool-2-thread-1]--[DEBUG]--[Bootstrap]--p2p客户端在线自检
2018-05-02 19:04:09 328-->[nioEventLoopGroup-2-1]--[INFO ]--[ClientCallBack]--获取在线客户端[3C15C2D2293A]
2018-05-02 19:04:09 328-->[nioEventLoopGroup-2-1]--[INFO ]--[RefreshmentHandler]--收到心跳
2018-05-02 19:04:24 325-->[pool-2-thread-1]--[DEBUG]--[Bootstrap]--p2p客户端在线自检
2018-05-02 19:04:24 330-->[nioEventLoopGroup-2-1]--[INFO ]--[ClientCallBack]--获取在线客户端[3C15C2D2293A]
2018-05-02 19:04:24 330-->[nioEventLoopGroup-2-1]--[INFO ]--[RefreshmentHandler]--收到心跳
2018-05-02 19:04:39 326-->[pool-2-thread-1]--[DEBUG]--[Bootstrap]--p2p客户端在线自检
2018-05-02 19:04:39 331-->[nioEventLoopGroup-2-1]--[INFO ]--[ClientCallBack]--获取在线客户端[3C15C2D2293A]
2018-05-02 19:04:39 331-->[nioEventLoopGroup-2-1]--[INFO ]--[RefreshmentHandler]--收到心跳
2018-05-02 19:04:54 326-->[pool-2-thread-1]--[DEBUG]--[Bootstrap]--p2p客户端在线自检
2018-05-02 19:04:54 330-->[nioEventLoopGroup-2-1]--[INFO ]--[ClientCallBack]--获取在线客户端[3C15C2D2293A]
2018-05-02 19:04:54 330-->[nioEventLoopGroup-2-1]--[INFO ]--[RefreshmentHandler]--收到心跳
2018-05-02 19:05:09 331-->[pool-2-thread-1]--[DEBUG]--[Bootstrap]--p2p客户端在线自检
2018-05-02 19:05:09 336-->[nioEventLoopGroup-2-1]--[INFO ]--[ClientCallBack]--获取在线客户端[3C15C2D2293A]
2018-05-02 19:05:09 337-->[nioEventLoopGroup-2-1]--[INFO ]--[RefreshmentHandler]--收到心跳
2018-05-02 19:05:24 332-->[pool-2-thread-1]--[DEBUG]--[Bootstrap]--p2p客户端在线自检
2018-05-02 19:05:24 336-->[nioEventLoopGroup-2-1]--[INFO ]--[ClientCallBack]--获取在线客户端[3C15C2D2293A]
2018-05-02 19:05:24 336-->[nioEventLoopGroup-2-1]--[INFO ]--[RefreshmentHandler]--收到心跳
2018-05-02 19:05:39 329-->[pool-2-thread-1]--[DEBUG]--[Bootstrap]--p2p客户端在线自检
2018-05-02 19:05:39 333-->[nioEventLoopGroup-2-1]--[INFO ]--[ClientCallBack]--获取在线客户端[3C15C2D2293A]
2018-05-02 19:05:39 333-->[nioEventLoopGroup-2-1]--[INFO ]--[RefreshmentHandler]--收到心跳
2018-05-02 19:05:54 333-->[pool-2-thread-1]--[DEBUG]--[Bootstrap]--p2p客户端在线自检
2018-05-02 19:05:54 339-->[nioEventLoopGroup-2-1]--[INFO ]--[ClientCallBack]--获取在线客户端[3C15C2D2293A]
2018-05-02 19:05:54 339-->[nioEventLoopGroup-2-1]--[INFO ]--[RefreshmentHandler]--收到心跳
2018-05-02 19:06:09 333-->[pool-2-thread-1]--[DEBUG]--[Bootstrap]--p2p客户端在线自检
2018-05-02 19:06:09 338-->[nioEventLoopGroup-2-1]--[INFO ]--[ClientCallBack]--获取在线客户端[3C15C2D2293A]
2018-05-02 19:06:09 338-->[nioEventLoopGroup-2-1]--[INFO ]--[RefreshmentHandler]--收到心跳
2018-05-02 19:06:24 329-->[pool-2-thread-1]--[DEBUG]--[Bootstrap]--p2p客户端在线自检
2018-05-02 19:06:24 333-->[nioEventLoopGroup-2-1]--[INFO ]--[ClientCallBack]--获取在线客户端[3C15C2D2293A]
2018-05-02 19:06:24 334-->[nioEventLoopGroup-2-1]--[INFO ]--[RefreshmentHandler]--收到心跳
2018-05-02 19:06:39 334-->[pool-2-thread-1]--[DEBUG]--[Bootstrap]--p2p客户端在线自检
2018-05-02 19:06:39 339-->[nioEventLoopGroup-2-1]--[INFO ]--[ClientCallBack]--获取在线客户端[3C15C2D2293A]
2018-05-02 19:06:39 339-->[nioEventLoopGroup-2-1]--[INFO ]--[RefreshmentHandler]--收到心跳
2018-05-02 19:06:54 330-->[pool-2-thread-1]--[DEBUG]--[Bootstrap]--p2p客户端在线自检
2018-05-02 19:06:54 334-->[nioEventLoopGroup-2-1]--[INFO ]--[ClientCallBack]--获取在线客户端[3C15C2D2293A]
2018-05-02 19:06:54 334-->[nioEventLoopGroup-2-1]--[INFO ]--[RefreshmentHandler]--收到心跳
2018-05-02 19:07:09 332-->[pool-2-thread-1]--[DEBUG]--[Bootstrap]--p2p客户端在线自检
2018-05-02 19:07:09 337-->[nioEventLoopGroup-2-1]--[INFO ]--[ClientCallBack]--获取在线客户端[3C15C2D2293A]
2018-05-02 19:07:09 337-->[nioEventLoopGroup-2-1]--[INFO ]--[RefreshmentHandler]--收到心跳
2018-05-02 19:07:24 334-->[pool-2-thread-1]--[DEBUG]--[Bootstrap]--p2p客户端在线自检
2018-05-02 19:07:24 339-->[nioEventLoopGroup-2-1]--[INFO ]--[ClientCallBack]--获取在线客户端[3C15C2D2293A]
2018-05-02 19:07:24 340-->[nioEventLoopGroup-2-1]--[INFO ]--[RefreshmentHandler]--收到心跳
2018-05-02 19:07:39 331-->[pool-2-thread-1]--[DEBUG]--[Bootstrap]--p2p客户端在线自检
2018-05-02 19:07:39 337-->[nioEventLoopGroup-2-1]--[INFO ]--[ClientCallBack]--获取在线客户端[3C15C2D2293A]
2018-05-02 19:07:39 337-->[nioEventLoopGroup-2-1]--[INFO ]--[RefreshmentHandler]--收到心跳
2018-05-02 19:07:54 332-->[pool-2-thread-1]--[DEBUG]--[Bootstrap]--p2p客户端在线自检
2018-05-02 19:07:54 336-->[nioEventLoopGroup-2-1]--[INFO ]--[ClientCallBack]--获取在线客户端[3C15C2D2293A]
2018-05-02 19:07:54 337-->[nioEventLoopGroup-2-1]--[INFO ]--[RefreshmentHandler]--收到心跳
2018-05-02 19:08:09 337-->[pool-2-thread-1]--[DEBUG]--[Bootstrap]--p2p客户端在线自检
2018-05-02 19:08:09 342-->[nioEventLoopGroup-2-1]--[INFO ]--[ClientCallBack]--获取在线客户端[3C15C2D2293A]
2018-05-02 19:08:09 342-->[nioEventLoopGroup-2-1]--[INFO ]--[RefreshmentHandler]--收到心跳
2018-05-02 19:08:24 335-->[pool-2-thread-1]--[DEBUG]--[Bootstrap]--p2p客户端在线自检
2018-05-02 19:08:24 340-->[nioEventLoopGroup-2-1]--[INFO ]--[ClientCallBack]--获取在线客户端[3C15C2D2293A]
2018-05-02 19:08:24 340-->[nioEventLoopGroup-2-1]--[INFO ]--[RefreshmentHandler]--收到心跳
2018-05-02 19:08:39 335-->[pool-2-thread-1]--[DEBUG]--[Bootstrap]--p2p客户端在线自检
2018-05-02 19:08:39 340-->[nioEventLoopGroup-2-1]--[INFO ]--[ClientCallBack]--获取在线客户端[3C15C2D2293A]
2018-05-02 19:08:39 340-->[nioEventLoopGroup-2-1]--[INFO ]--[RefreshmentHandler]--收到心跳
2018-05-02 19:08:54 336-->[pool-2-thread-1]--[DEBUG]--[Bootstrap]--p2p客户端在线自检
2018-05-02 19:08:54 340-->[nioEventLoopGroup-2-1]--[INFO ]--[ClientCallBack]--获取在线客户端[3C15C2D2293A]
2018-05-02 19:08:54 340-->[nioEventLoopGroup-2-1]--[INFO ]--[RefreshmentHandler]--收到心跳
2018-05-02 19:09:09 340-->[pool-2-thread-1]--[DEBUG]--[Bootstrap]--p2p客户端在线自检
2018-05-02 19:09:09 345-->[nioEventLoopGroup-2-1]--[INFO ]--[ClientCallBack]--获取在线客户端[3C15C2D2293A]
2018-05-02 19:09:09 345-->[nioEventLoopGroup-2-1]--[INFO ]--[RefreshmentHandler]--收到心跳
2018-05-02 19:09:24 339-->[pool-2-thread-1]--[DEBUG]--[Bootstrap]--p2p客户端在线自检
2018-05-02 19:09:24 344-->[nioEventLoopGroup-2-1]--[INFO ]--[ClientCallBack]--获取在线客户端[3C15C2D2293A]
2018-05-02 19:09:24 344-->[nioEventLoopGroup-2-1]--[INFO ]--[RefreshmentHandler]--收到心跳
2018-05-02 19:09:39 336-->[pool-2-thread-1]--[DEBUG]--[Bootstrap]--p2p客户端在线自检
2018-05-02 19:09:39 340-->[nioEventLoopGroup-2-1]--[INFO ]--[ClientCallBack]--获取在线客户端[3C15C2D2293A]
2018-05-02 19:09:39 341-->[nioEventLoopGroup-2-1]--[INFO ]--[RefreshmentHandler]--收到心跳
2018-05-02 19:09:54 341-->[pool-2-thread-1]--[DEBUG]--[Bootstrap]--p2p客户端在线自检
2018-05-02 19:09:54 346-->[nioEventLoopGroup-2-1]--[INFO ]--[ClientCallBack]--获取在线客户端[3C15C2D2293A]
2018-05-02 19:09:54 346-->[nioEventLoopGroup-2-1]--[INFO ]--[RefreshmentHandler]--收到心跳
2018-05-02 19:10:09 339-->[pool-2-thread-1]--[DEBUG]--[Bootstrap]--p2p客户端在线自检
2018-05-02 19:10:09 343-->[nioEventLoopGroup-2-1]--[INFO ]--[ClientCallBack]--获取在线客户端[3C15C2D2293A]
2018-05-02 19:10:09 343-->[nioEventLoopGroup-2-1]--[INFO ]--[RefreshmentHandler]--收到心跳
2018-05-02 19:10:15 846-->[Thread-0]--[INFO ]--[Bootstrap]--shutdownhook
